[debug] [vite] connecting...
[debug] [vite] connected.
[info] %cDownload the React DevTools for a better development experience: https://reactjs.org/link/react-devtools font-weight:bold
[log] [SW Hook] Registering service worker...
[error] Failed to load resource: the server responded with a status of 401 (Unauthorized)
[log] [api] /api/auth/me GET 401 20ms
[error] Failed to load resource: the server responded with a status of 401 (Unauthorized)
[log] [api] /api/auth/me GET 401 25ms
[log] [SW Hook] Registering service worker...
[log] [SW Hook] Service worker registered: ServiceWorkerRegistration
[log] [SW Hook] Service worker registered: ServiceWorkerRegistration
[log] [SW Hook] Update found, installing...
[log] [SW Hook] Update found, installing...
[log] [api] /api/topics?limit=20&offset=0 GET 200 145ms
[log] [SW Hook] First install complete
[log] [SW Hook] First install complete
[log] [SW Hook] Controller changed, reloading...
[error] Failed to load resource: the server responded with a status of 401 (Unauthorized)
[debug] [vite] connecting...
[debug] [vite] connected.
[info] %cDownload the React DevTools for a better development experience: https://reactjs.org/link/react-devtools font-weight:bold
[log] [SW Hook] Registering service worker...
[log] [SW Hook] Service worker registered: ServiceWorkerRegistration
[log] [api] /api/auth/me GET 200 29ms
[log] [api] /api/auth/me GET 200 28ms
[debug] [useWaveUnread] refresh:start {waveId: 6539050323073ca076288b8ffe064a44}
[log] [api] /api/topics/6539050323073ca076288b8ffe064a44 GET 200 22ms
[log] [socket] connected laFHg-bKUVR7CjiCAAAD
[log] [socket:any] hello [Object]
[log] [api] /api/waves/6539050323073ca076288b8ffe064a44/unread GET 200 68ms
[debug] [useWaveUnread] refresh:success {waveId: 6539050323073ca076288b8ffe064a44, unreadCount: 1, total: 1, read: 0}
[log] [api] /api/waves/6539050323073ca076288b8ffe064a44/participants GET 200 45ms
[log] [api] /api/blips/6539050323073ca076288b8ffe064a44/collapse-default GET 200 21ms
[log] [api] /api/blips/6539050323073ca076288b8ffe064a44/inline-comments-visibility GET 200 26ms
[log] [api] /api/blips?waveId=6539050323073ca076288b8ffe064a44&limit=500 GET 200 23ms
[log] [api] /api/blips/6539050323073ca076288b8ffe064a44%3Ab1770081685652/collapse-default GET 200 16ms
[log] [api] /api/blips/6539050323073ca076288b8ffe064a44%3Ab1770081685652/inline-comments-visibility GET 200 19ms
[log] [markWaveRead] fetching unread list
[log] [markWaveRead] unread count: 1
[log] [markWaveRead] marking read...
[log] [socket:any] blip:read [Object]
[log] [socket:any] wave:unread [Object]
[log] [socket] wave:unread (global) {waveId: 6539050323073ca076288b8ffe064a44, userId: 6539050323073ca076288b8ffe06416c}
[log] [socket] wave:unread event received {waveId: 6539050323073ca076288b8ffe064a44, userId: 6539050323073ca076288b8ffe06416c}
[debug] [useWaveUnread] wave:unread:event {waveId: 6539050323073ca076288b8ffe064a44, userId: 6539050323073ca076288b8ffe06416c}
[log] [markWaveRead] done
[log] [socket:any] wave:unread [Object]
[log] [socket] wave:unread (global) {waveId: 6539050323073ca076288b8ffe064a44, userId: 6539050323073ca076288b8ffe06416c}
[log] [socket] wave:unread event received {waveId: 6539050323073ca076288b8ffe064a44, userId: 6539050323073ca076288b8ffe06416c}
[debug] [useWaveUnread] wave:unread:event {waveId: 6539050323073ca076288b8ffe064a44, userId: 6539050323073ca076288b8ffe06416c}
[log] [socket:any] wave:unread [Object]
[log] [socket] wave:unread (global) {waveId: 6539050323073ca076288b8ffe064a44, userId: 6539050323073ca076288b8ffe06416c}
[log] [socket] wave:unread event received {waveId: 6539050323073ca076288b8ffe064a44, userId: 6539050323073ca076288b8ffe06416c}
[debug] [useWaveUnread] wave:unread:event {waveId: 6539050323073ca076288b8ffe064a44, userId: 6539050323073ca076288b8ffe06416c}
[log] [socket:any] wave:unread [Object]
[log] [socket] wave:unread (global) {waveId: 6539050323073ca076288b8ffe064a44, userId: 6539050323073ca076288b8ffe06416c}
[log] [socket] wave:unread event received {waveId: 6539050323073ca076288b8ffe064a44, userId: 6539050323073ca076288b8ffe06416c}
[debug] [useWaveUnread] wave:unread:event {waveId: 6539050323073ca076288b8ffe064a44, userId: 6539050323073ca076288b8ffe06416c}
[log] [socket:any] blip:read [Object]
[debug] [useWaveUnread] blip:event {action: read, waveId: 6539050323073ca076288b8ffe064a44, blipId: 6539050323073ca076288b8ffe064a44:b1770081685652, updatedAt: undefined, readAt: 1770081688609}
[log] [socket:any] wave:unread [Object]
[log] [socket] wave:unread (global) {waveId: 6539050323073ca076288b8ffe064a44, userId: 6539050323073ca076288b8ffe064e40}
[log] [socket] wave:unread event received {waveId: 6539050323073ca076288b8ffe064a44, userId: 6539050323073ca076288b8ffe064e40}
[debug] [useWaveUnread] wave:unread:event {waveId: 6539050323073ca076288b8ffe064a44, userId: 6539050323073ca076288b8ffe064e40}
[log] [socket:any] wave:unread [Object]
[log] [socket] wave:unread (global) {waveId: 6539050323073ca076288b8ffe064a44, userId: 6539050323073ca076288b8ffe064e40}
[log] [socket] wave:unread event received {waveId: 6539050323073ca076288b8ffe064a44, userId: 6539050323073ca076288b8ffe064e40}
[debug] [useWaveUnread] wave:unread:event {waveId: 6539050323073ca076288b8ffe064a44, userId: 6539050323073ca076288b8ffe064e40}
[log] [socket:any] wave:unread [Object]
[log] [socket] wave:unread (global) {waveId: 6539050323073ca076288b8ffe064a44, userId: 6539050323073ca076288b8ffe064e40}
[log] [socket] wave:unread event received {waveId: 6539050323073ca076288b8ffe064a44, userId: 6539050323073ca076288b8ffe064e40}
[debug] [useWaveUnread] wave:unread:event {waveId: 6539050323073ca076288b8ffe064a44, userId: 6539050323073ca076288b8ffe064e40}
[log] [socket:any] blip:created [Object]
[log] [socket:any] blip:created [Object]
[debug] [useWaveUnread] debounced:refresh
[debug] [useWaveUnread] refresh:start {waveId: 6539050323073ca076288b8ffe064a44}
[log] [api] /api/waves/6539050323073ca076288b8ffe064a44/unread GET 200 93ms
[debug] [useWaveUnread] refresh:success {waveId: 6539050323073ca076288b8ffe064a44, unreadCount: 2, total: 3, read: 1}