[debug] [vite] connecting...
[debug] [vite] connected.
[info] %cDownload the React DevTools for a better development experience: https://reactjs.org/link/react-devtools font-weight:bold
[log] [SW Hook] Registering service worker...
[error] Failed to load resource: the server responded with a status of 401 (Unauthorized)
[log] [api] /api/auth/me GET 401 8ms
[error] Failed to load resource: the server responded with a status of 401 (Unauthorized)
[log] [api] /api/auth/me GET 401 18ms
[log] [SW Hook] Registering service worker...
[log] [SW Hook] Service worker registered: ServiceWorkerRegistration
[log] [SW Hook] Service worker registered: ServiceWorkerRegistration
[log] [SW Hook] Update found, installing...
[log] [SW Hook] Update found, installing...
[log] [SW Hook] First install complete
[log] [SW Hook] First install complete
[log] [SW Hook] Controller changed, reloading...
[log] [api] /api/topics?limit=20&offset=0 GET 200 177ms
[error] Failed to load resource: the server responded with a status of 401 (Unauthorized)
[debug] [vite] connecting...
[debug] [vite] connected.
[info] %cDownload the React DevTools for a better development experience: https://reactjs.org/link/react-devtools font-weight:bold
[log] [SW Hook] Registering service worker...
[log] [SW Hook] Service worker registered: ServiceWorkerRegistration
[log] [api] /api/auth/me GET 200 23ms
[log] [api] /api/auth/me GET 200 26ms
[debug] [useWaveUnread] refresh:start {waveId: 6539050323073ca076288b8ffe047cd0}
[log] [api] /api/topics/6539050323073ca076288b8ffe047cd0 GET 200 22ms
[log] [socket] connected MRC_dHmyFPYV_5T1AAAN
[log] [socket:any] hello [Object]
[log] [api] /api/waves/6539050323073ca076288b8ffe047cd0/unread GET 200 53ms
[debug] [useWaveUnread] refresh:success {waveId: 6539050323073ca076288b8ffe047cd0, unreadCount: 1, total: 1, read: 0}
[log] [api] /api/waves/6539050323073ca076288b8ffe047cd0/participants GET 200 46ms
[log] [api] /api/blips?waveId=6539050323073ca076288b8ffe047cd0&limit=500 GET 200 17ms
[log] [api] /api/blips/6539050323073ca076288b8ffe047cd0%3Ab1770070375294/collapse-default GET 200 14ms
[log] [api] /api/blips/6539050323073ca076288b8ffe047cd0%3Ab1770070375294/inline-comments-visibility GET 200 16ms
[log] [markWaveRead] fetching unread list
[log] [markWaveRead] unread count: 1
[log] [markWaveRead] marking read...
[log] [socket:any] blip:read [Object]
[log] [socket:any] wave:unread [Object]
[log] [socket] wave:unread (global) {waveId: 6539050323073ca076288b8ffe047cd0, userId: 6539050323073ca076288b8ffe046fb7}
[log] [socket] wave:unread event received {waveId: 6539050323073ca076288b8ffe047cd0, userId: 6539050323073ca076288b8ffe046fb7}
[debug] [useWaveUnread] wave:unread:event {waveId: 6539050323073ca076288b8ffe047cd0, userId: 6539050323073ca076288b8ffe046fb7}
[log] [socket:any] wave:unread [Object]
[log] [socket] wave:unread (global) {waveId: 6539050323073ca076288b8ffe047cd0, userId: 6539050323073ca076288b8ffe046fb7}
[log] [socket] wave:unread event received {waveId: 6539050323073ca076288b8ffe047cd0, userId: 6539050323073ca076288b8ffe046fb7}
[debug] [useWaveUnread] wave:unread:event {waveId: 6539050323073ca076288b8ffe047cd0, userId: 6539050323073ca076288b8ffe046fb7}
[log] [socket:any] wave:unread [Object]
[log] [socket] wave:unread (global) {waveId: 6539050323073ca076288b8ffe047cd0, userId: 6539050323073ca076288b8ffe046fb7}
[log] [socket] wave:unread event received {waveId: 6539050323073ca076288b8ffe047cd0, userId: 6539050323073ca076288b8ffe046fb7}
[debug] [useWaveUnread] wave:unread:event {waveId: 6539050323073ca076288b8ffe047cd0, userId: 6539050323073ca076288b8ffe046fb7}
[log] [socket:any] wave:unread [Object]
[log] [socket] wave:unread (global) {waveId: 6539050323073ca076288b8ffe047cd0, userId: 6539050323073ca076288b8ffe046fb7}
[log] [socket] wave:unread event received {waveId: 6539050323073ca076288b8ffe047cd0, userId: 6539050323073ca076288b8ffe046fb7}
[debug] [useWaveUnread] wave:unread:event {waveId: 6539050323073ca076288b8ffe047cd0, userId: 6539050323073ca076288b8ffe046fb7}
[log] [markWaveRead] done
[log] [socket:any] blip:read [Object]
[debug] [useWaveUnread] blip:event {action: read, waveId: 6539050323073ca076288b8ffe047cd0, blipId: 6539050323073ca076288b8ffe047cd0:b1770070375294, updatedAt: undefined, readAt: 1770070378021}
[log] [socket:any] wave:unread [Object]
[log] [socket] wave:unread (global) {waveId: 6539050323073ca076288b8ffe047cd0, userId: 6539050323073ca076288b8ffe048200}
[log] [socket] wave:unread event received {waveId: 6539050323073ca076288b8ffe047cd0, userId: 6539050323073ca076288b8ffe048200}
[debug] [useWaveUnread] wave:unread:event {waveId: 6539050323073ca076288b8ffe047cd0, userId: 6539050323073ca076288b8ffe048200}
[log] [socket:any] wave:unread [Object]
[log] [socket] wave:unread (global) {waveId: 6539050323073ca076288b8ffe047cd0, userId: 6539050323073ca076288b8ffe048200}
[log] [socket] wave:unread event received {waveId: 6539050323073ca076288b8ffe047cd0, userId: 6539050323073ca076288b8ffe048200}
[debug] [useWaveUnread] wave:unread:event {waveId: 6539050323073ca076288b8ffe047cd0, userId: 6539050323073ca076288b8ffe048200}
[log] [socket:any] wave:unread [Object]
[log] [socket] wave:unread (global) {waveId: 6539050323073ca076288b8ffe047cd0, userId: 6539050323073ca076288b8ffe048200}
[log] [socket] wave:unread event received {waveId: 6539050323073ca076288b8ffe047cd0, userId: 6539050323073ca076288b8ffe048200}
[debug] [useWaveUnread] wave:unread:event {waveId: 6539050323073ca076288b8ffe047cd0, userId: 6539050323073ca076288b8ffe048200}
[log] [socket:any] blip:created [Object]
[log] [socket:any] blip:created [Object]
[debug] [useWaveUnread] debounced:refresh
[debug] [useWaveUnread] refresh:start {waveId: 6539050323073ca076288b8ffe047cd0}
[log] [api] /api/waves/6539050323073ca076288b8ffe047cd0/unread GET 200 69ms
[debug] [useWaveUnread] refresh:success {waveId: 6539050323073ca076288b8ffe047cd0, unreadCount: 2, total: 3, read: 1}