[debug] [vite] connecting...
[debug] [vite] connected.
[info] %cDownload the React DevTools for a better development experience: https://reactjs.org/link/react-devtools font-weight:bold
[log] [SW Hook] Registering service worker...
[error] Failed to load resource: the server responded with a status of 401 (Unauthorized)
[log] [api] /api/auth/me GET 401 21ms
[error] Failed to load resource: the server responded with a status of 401 (Unauthorized)
[log] [api] /api/auth/me GET 401 26ms
[log] [SW Hook] Registering service worker...
[log] [SW Hook] Service worker registered: ServiceWorkerRegistration
[log] [SW Hook] Service worker registered: ServiceWorkerRegistration
[log] [SW Hook] Update found, installing...
[log] [SW Hook] Update found, installing...
[log] [api] /api/topics?limit=20&offset=0 GET 200 131ms
[log] [SW Hook] First install complete
[log] [SW Hook] First install complete
[log] [SW Hook] Controller changed, reloading...
[error] Failed to load resource: the server responded with a status of 401 (Unauthorized)
[debug] [vite] connecting...
[debug] [vite] connected.
[info] %cDownload the React DevTools for a better development experience: https://reactjs.org/link/react-devtools font-weight:bold
[log] [SW Hook] Registering service worker...
[log] [SW Hook] Service worker registered: ServiceWorkerRegistration
[log] [api] /api/auth/me GET 200 38ms
[log] [api] /api/auth/me GET 200 38ms
[debug] [useWaveUnread] refresh:start {waveId: 6539050323073ca076288b8ffe045f8d}
[log] [socket] connected err9-LV9q5uXAXujAAAL
[log] [socket:any] hello [Object]
[log] [api] /api/topics/6539050323073ca076288b8ffe045f8d GET 200 42ms
[log] [api] /api/waves/6539050323073ca076288b8ffe045f8d/unread GET 200 65ms
[debug] [useWaveUnread] refresh:success {waveId: 6539050323073ca076288b8ffe045f8d, unreadCount: 1, total: 1, read: 0}
[log] [api] /api/waves/6539050323073ca076288b8ffe045f8d/participants GET 200 31ms
[log] [api] /api/blips?waveId=6539050323073ca076288b8ffe045f8d&limit=500 GET 200 16ms
[log] [api] /api/blips/6539050323073ca076288b8ffe045f8d%3Ab1770070344136/collapse-default GET 200 20ms
[log] [api] /api/blips/6539050323073ca076288b8ffe045f8d%3Ab1770070344136/inline-comments-visibility GET 200 20ms
[log] [socket:any] blip:read [Object]
[debug] [useWaveUnread] blip:event {action: read, waveId: 6539050323073ca076288b8ffe045f8d, blipId: 6539050323073ca076288b8ffe045f8d:b1770070344136, updatedAt: undefined, readAt: 1770070346774}
[log] [socket:any] wave:unread [Object]
[log] [socket] wave:unread (global) {waveId: 6539050323073ca076288b8ffe045f8d, userId: 6539050323073ca076288b8ffe04510d}
[log] [socket] wave:unread event received {waveId: 6539050323073ca076288b8ffe045f8d, userId: 6539050323073ca076288b8ffe04510d}
[debug] [useWaveUnread] wave:unread:event {waveId: 6539050323073ca076288b8ffe045f8d, userId: 6539050323073ca076288b8ffe04510d}
[log] [socket:any] wave:unread [Object]
[log] [socket] wave:unread (global) {waveId: 6539050323073ca076288b8ffe045f8d, userId: 6539050323073ca076288b8ffe04510d}
[log] [socket] wave:unread event received {waveId: 6539050323073ca076288b8ffe045f8d, userId: 6539050323073ca076288b8ffe04510d}
[debug] [useWaveUnread] wave:unread:event {waveId: 6539050323073ca076288b8ffe045f8d, userId: 6539050323073ca076288b8ffe04510d}
[log] [socket:any] wave:unread [Object]
[log] [socket] wave:unread (global) {waveId: 6539050323073ca076288b8ffe045f8d, userId: 6539050323073ca076288b8ffe04510d}
[log] [socket] wave:unread event received {waveId: 6539050323073ca076288b8ffe045f8d, userId: 6539050323073ca076288b8ffe04510d}
[debug] [useWaveUnread] wave:unread:event {waveId: 6539050323073ca076288b8ffe045f8d, userId: 6539050323073ca076288b8ffe04510d}
[log] [markWaveRead] fetching unread list
[log] [markWaveRead] unread count: 1
[log] [markWaveRead] marking read...
[log] [socket:any] blip:read [Object]
[log] [socket:any] wave:unread [Object]
[log] [socket] wave:unread (global) {waveId: 6539050323073ca076288b8ffe045f8d, userId: 6539050323073ca076288b8ffe0468de}
[log] [socket] wave:unread event received {waveId: 6539050323073ca076288b8ffe045f8d, userId: 6539050323073ca076288b8ffe0468de}
[debug] [useWaveUnread] wave:unread:event {waveId: 6539050323073ca076288b8ffe045f8d, userId: 6539050323073ca076288b8ffe0468de}
[log] [socket:any] wave:unread [Object]
[log] [socket] wave:unread (global) {waveId: 6539050323073ca076288b8ffe045f8d, userId: 6539050323073ca076288b8ffe0468de}
[log] [socket] wave:unread event received {waveId: 6539050323073ca076288b8ffe045f8d, userId: 6539050323073ca076288b8ffe0468de}
[debug] [useWaveUnread] wave:unread:event {waveId: 6539050323073ca076288b8ffe045f8d, userId: 6539050323073ca076288b8ffe0468de}
[log] [socket:any] wave:unread [Object]
[log] [socket] wave:unread (global) {waveId: 6539050323073ca076288b8ffe045f8d, userId: 6539050323073ca076288b8ffe0468de}
[log] [socket] wave:unread event received {waveId: 6539050323073ca076288b8ffe045f8d, userId: 6539050323073ca076288b8ffe0468de}
[debug] [useWaveUnread] wave:unread:event {waveId: 6539050323073ca076288b8ffe045f8d, userId: 6539050323073ca076288b8ffe0468de}
[log] [socket:any] wave:unread [Object]
[log] [socket] wave:unread (global) {waveId: 6539050323073ca076288b8ffe045f8d, userId: 6539050323073ca076288b8ffe0468de}
[log] [socket] wave:unread event received {waveId: 6539050323073ca076288b8ffe045f8d, userId: 6539050323073ca076288b8ffe0468de}
[debug] [useWaveUnread] wave:unread:event {waveId: 6539050323073ca076288b8ffe045f8d, userId: 6539050323073ca076288b8ffe0468de}
[log] [markWaveRead] done
[log] [socket:any] blip:created [Object]
[debug] [useWaveUnread] blip:event {action: created, waveId: 6539050323073ca076288b8ffe045f8d, blipId: 6539050323073ca076288b8ffe045f8d:b1770070346885, updatedAt: 1770070346885, readAt: undefined}
[log] [socket:any] blip:created [Object]
[debug] [useWaveUnread] blip:event {action: created, waveId: 6539050323073ca076288b8ffe045f8d, blipId: 6539050323073ca076288b8ffe045f8d:b1770070346922, updatedAt: 1770070346922, readAt: undefined}
[debug] [useWaveUnread] debounced:refresh
[debug] [useWaveUnread] refresh:start {waveId: 6539050323073ca076288b8ffe045f8d}
[log] [api] /api/waves/6539050323073ca076288b8ffe045f8d/unread GET 200 49ms
[debug] [useWaveUnread] refresh:success {waveId: 6539050323073ca076288b8ffe045f8d, unreadCount: 2, total: 3, read: 1}
[error] direct mark-all error ReferenceError: blipIds is not defined
    at eval (eval at evaluate (:290:30), <anonymous>:19:36)
    at UtilityScript.evaluate (<anonymous>:292:16)
    at UtilityScript.<anonymous> (<anonymous>:1:44)